Using pre-set license
Built from '2020.3/staging' branch; Version is '2020.3.6f1 (338bb68529b2) revision 3378102'; Using compiler version '192528614'; Build Type 'Release'
OS: 'Windows 10 Home; OS build 19044.1706; Version 2009; 64bit' Language: 'en' Physical Memory: 16269 MB
BatchMode: 1, IsHumanControllingUs: 0, StartBugReporterOnCrash: 0, Is64bit: 1, IsPro: 0

 COMMAND LINE ARGUMENTS:
C:\Program Files\Unity\Hub\Editor\2020.3.6f1\Editor\Unity.exe
-adb2
-batchMode
-noUpm
-name
AssetImportWorker0
-projectPath
C:/Users/CalvinPc/OneDrive - Vega School/Vega 2020/Year 3/Semester 1/GADE/GADEPOE
-logFile
Logs/AssetImportWorker0.log
-srvPort
61573
Successfully changed project path to: C:/Users/CalvinPc/OneDrive - Vega School/Vega 2020/Year 3/Semester 1/GADE/GADEPOE
C:/Users/CalvinPc/OneDrive - Vega School/Vega 2020/Year 3/Semester 1/GADE/GADEPOE
Using Asset Import Pipeline V2.
Refreshing native plugins compatible for Editor in 55.32 ms, found 1 plugins.
Preloading 0 native plugins for Editor in 0.00 ms.
Initialize engine version: 2020.3.6f1 (338bb68529b2)
[Subsystems] Discovering subsystems at path C:/Program Files/Unity/Hub/Editor/2020.3.6f1/Editor/Data/Resources/UnitySubsystems
[Subsystems] Discovering subsystems at path C:/Users/CalvinPc/OneDrive - Vega School/Vega 2020/Year 3/Semester 1/GADE/GADEPOE/Assets
GfxDevice: creating device client; threaded=0
Direct3D:
    Version:  Direct3D 11.0 [level 11.0]
    Renderer: NVIDIA GeForce GTX 770 (ID=0x1184)
    Vendor:   
    VRAM:     2007 MB
    Driver:   30.0.14.7347
Initialize mono
Mono path[0] = 'C:/Program Files/Unity/Hub/Editor/2020.3.6f1/Editor/Data/Managed'
Mono path[1] = 'C:/Program Files/Unity/Hub/Editor/2020.3.6f1/Editor/Data/MonoBleedingEdge/lib/mono/unityjit'
Mono config path = 'C:/Program Files/Unity/Hub/Editor/2020.3.6f1/Editor/Data/MonoBleedingEdge/etc'
Using monoOptions --debugger-agent=transport=dt_socket,embedding=1,server=y,suspend=n,address=127.0.0.1:56788
Begin MonoManager ReloadAssembly
Registering precompiled unity dll's ...
Register platform support module: C:/Program Files/Unity/Hub/Editor/2020.3.6f1/Editor/Data/PlaybackEngines/WindowsStandaloneSupport/UnityEditor.WindowsStandalone.Extensions.dll
Registered in 0.002118 seconds.
Native extension for WindowsStandalone target not found
Refreshing native plugins compatible for Editor in 60.89 ms, found 1 plugins.
Preloading 0 native plugins for Editor in 0.00 ms.
Mono: successfully reloaded assembly
- Completed reload, in  2.559 seconds
Platform modules already initialized, skipping
Registering precompiled user dll's ...
Registered in 0.001316 seconds.
Begin MonoManager ReloadAssembly
Native extension for WindowsStandalone target not found
Refreshing native plugins compatible for Editor in 69.28 ms, found 1 plugins.
Preloading 0 native plugins for Editor in 0.00 ms.
Mono: successfully reloaded assembly
- Completed reload, in  1.807 seconds
Platform modules already initialized, skipping
========================================================================
Worker process is ready to serve import requests
Launched and connected shader compiler UnityShaderCompiler.exe after 0.11 seconds
Refreshing native plugins compatible for Editor in 0.62 ms, found 1 plugins.
Preloading 0 native plugins for Editor in 0.00 ms.
Unloading 1828 Unused Serialized files (Serialized files now loaded: 0)
System memory in use before: 88.1 MB.
System memory in use after: 88.0 MB.

Unloading 24 unused Assets to reduce memory usage. Loaded Objects now: 2272.
Total: 2.802700 ms (FindLiveObjects: 0.449300 ms CreateObjectMapping: 0.135200 ms MarkObjects: 2.024800 ms  DeleteObjects: 0.191400 ms)

========================================================================
Received Import Request.
  path: Assets/EnemyPointStrong.prefab
  artifactKey: Guid(f1e906d8983511d46bb7d79af9d2e23a) Importer(815301076,1909f56bfc062723c751e8b465ee728b)
Start importing Assets/EnemyPointStrong.prefab using Guid(f1e906d8983511d46bb7d79af9d2e23a) Importer(815301076,1909f56bfc062723c751e8b465ee728b)  -> (artifact id: '970c00b32b39333bd12ef9018653433c') in 0.208629 seconds
  Import took 0.218935 seconds .

========================================================================
Received Import Request.
  Time since last request: 0.000528 seconds.
  path: Assets/EnemyPoint.prefab
  artifactKey: Guid(f3396948f69682f42b3b143776108c74) Importer(815301076,1909f56bfc062723c751e8b465ee728b)
Start importing Assets/EnemyPoint.prefab using Guid(f3396948f69682f42b3b143776108c74) Importer(815301076,1909f56bfc062723c751e8b465ee728b)  -> (artifact id: '60ba0b4d0c360b6cd0719a48fb068175') in 0.020370 seconds
  Import took 0.030303 seconds .

========================================================================
Received Import Request.
  Time since last request: 0.000264 seconds.
  path: Assets/Tile.prefab
  artifactKey: Guid(050d5ee557b0e4e43b76b1db88c42a39) Importer(815301076,1909f56bfc062723c751e8b465ee728b)
Start importing Assets/Tile.prefab using Guid(050d5ee557b0e4e43b76b1db88c42a39) Importer(815301076,1909f56bfc062723c751e8b465ee728b)  -> (artifact id: 'b67783c452c1a4d90ca54593e527c180') in 0.032297 seconds
  Import took 0.043706 seconds .

========================================================================
Received Import Request.
  Time since last request: 0.000256 seconds.
  path: Assets/MyPoint.prefab
  artifactKey: Guid(4439f0bbed01ff84193a3e2eb5f2d87b) Importer(815301076,1909f56bfc062723c751e8b465ee728b)
Start importing Assets/MyPoint.prefab using Guid(4439f0bbed01ff84193a3e2eb5f2d87b) Importer(815301076,1909f56bfc062723c751e8b465ee728b)  -> (artifact id: '2798f1da3d75b62096752bd1ec27fc51') in 0.024258 seconds
  Import took 0.034731 seconds .

========================================================================
Received Import Request.
  Time since last request: 0.000255 seconds.
  path: Assets/MyPointStrong.prefab
  artifactKey: Guid(b2c3f11da0554bb4b96aa7c67efe6b61) Importer(815301076,1909f56bfc062723c751e8b465ee728b)
Start importing Assets/MyPointStrong.prefab using Guid(b2c3f11da0554bb4b96aa7c67efe6b61) Importer(815301076,1909f56bfc062723c751e8b465ee728b)  -> (artifact id: 'b34be897bc44079dd4e11a4d89c0fc86') in 0.020543 seconds
  Import took 0.031169 seconds .

========================================================================
Received Import Request.
  Time since last request: 0.022642 seconds.
  path: Assets/MyPointStrong.prefab
  artifactKey: Guid(b2c3f11da0554bb4b96aa7c67efe6b61) Importer(815301076,1909f56bfc062723c751e8b465ee728b)
Start importing Assets/MyPointStrong.prefab using Guid(b2c3f11da0554bb4b96aa7c67efe6b61) Importer(815301076,1909f56bfc062723c751e8b465ee728b)  -> (artifact id: 'b34be897bc44079dd4e11a4d89c0fc86') in 0.015510 seconds
  Import took 0.026168 seconds .

========================================================================
Received Import Request.
  Time since last request: 6.240662 seconds.
  path: Assets/Player1.prefab
  artifactKey: Guid(1c32412c836adea479820b1150b9d211) Importer(815301076,1909f56bfc062723c751e8b465ee728b)
Start importing Assets/Player1.prefab using Guid(1c32412c836adea479820b1150b9d211) Importer(815301076,1909f56bfc062723c751e8b465ee728b)  -> (artifact id: '6bf7b53f81d8a1f1f30a8062562330e5') in 0.053042 seconds
  Import took 0.062306 seconds .

========================================================================
Received Import Request.
  Time since last request: 0.003362 seconds.
  path: Assets/Player1.prefab
  artifactKey: Guid(1c32412c836adea479820b1150b9d211) Importer(815301076,1909f56bfc062723c751e8b465ee728b)
Start importing Assets/Player1.prefab using Guid(1c32412c836adea479820b1150b9d211) Importer(815301076,1909f56bfc062723c751e8b465ee728b)  -> (artifact id: '6bf7b53f81d8a1f1f30a8062562330e5') in 0.029387 seconds
  Import took 0.039549 seconds .

========================================================================
Received Import Request.
  Time since last request: 6.181032 seconds.
  path: Assets/Player2.prefab
  artifactKey: Guid(31a722a234a67ec41b2abe3fd614c4b0) Importer(815301076,1909f56bfc062723c751e8b465ee728b)
Start importing Assets/Player2.prefab using Guid(31a722a234a67ec41b2abe3fd614c4b0) Importer(815301076,1909f56bfc062723c751e8b465ee728b)  -> (artifact id: '7c98ee0093d2b00fc162bda92a3ddff0') in 0.028773 seconds
  Import took 0.039991 seconds .

========================================================================
Received Import Request.
  Time since last request: 0.014963 seconds.
  path: Assets/Player2.prefab
  artifactKey: Guid(31a722a234a67ec41b2abe3fd614c4b0) Importer(815301076,1909f56bfc062723c751e8b465ee728b)
Start importing Assets/Player2.prefab using Guid(31a722a234a67ec41b2abe3fd614c4b0) Importer(815301076,1909f56bfc062723c751e8b465ee728b)  -> (artifact id: '7c98ee0093d2b00fc162bda92a3ddff0') in 0.016451 seconds
  Import took 0.026423 seconds .

========================================================================
Received Import Request.
  Time since last request: 0.768048 seconds.
  path: Assets/Player2.prefab
  artifactKey: Guid(31a722a234a67ec41b2abe3fd614c4b0) Importer(815301076,1909f56bfc062723c751e8b465ee728b)
Start importing Assets/Player2.prefab using Guid(31a722a234a67ec41b2abe3fd614c4b0) Importer(815301076,1909f56bfc062723c751e8b465ee728b)  -> (artifact id: 'cfa8ba8d20c494aaedb64850d77aa2b2') in 0.017475 seconds
  Import took 0.027100 seconds .

========================================================================
Received Import Request.
  Time since last request: 0.031006 seconds.
  path: Assets/Player2.prefab
  artifactKey: Guid(31a722a234a67ec41b2abe3fd614c4b0) Importer(815301076,1909f56bfc062723c751e8b465ee728b)
Start importing Assets/Player2.prefab using Guid(31a722a234a67ec41b2abe3fd614c4b0) Importer(815301076,1909f56bfc062723c751e8b465ee728b)  -> (artifact id: 'cfa8ba8d20c494aaedb64850d77aa2b2') in 0.019260 seconds
  Import took 0.030083 seconds .

========================================================================
Received Import Request.
  Time since last request: 11.827120 seconds.
  path: Assets/Player1.prefab
  artifactKey: Guid(1c32412c836adea479820b1150b9d211) Importer(815301076,1909f56bfc062723c751e8b465ee728b)
Start importing Assets/Player1.prefab using Guid(1c32412c836adea479820b1150b9d211) Importer(815301076,1909f56bfc062723c751e8b465ee728b)  -> (artifact id: '9e755e6f837e92bab0f76d1beaf06fef') in 0.020065 seconds
  Import took 0.029197 seconds .

========================================================================
Received Import Request.
  Time since last request: 0.008851 seconds.
  path: Assets/Player1.prefab
  artifactKey: Guid(1c32412c836adea479820b1150b9d211) Importer(815301076,1909f56bfc062723c751e8b465ee728b)
Start importing Assets/Player1.prefab using Guid(1c32412c836adea479820b1150b9d211) Importer(815301076,1909f56bfc062723c751e8b465ee728b)  -> (artifact id: '9e755e6f837e92bab0f76d1beaf06fef') in 0.017007 seconds
  Import took 0.026155 seconds .

========================================================================
Received Import Request.
  Time since last request: 8.722505 seconds.
  path: Assets/Player2.prefab
  artifactKey: Guid(31a722a234a67ec41b2abe3fd614c4b0) Importer(815301076,1909f56bfc062723c751e8b465ee728b)
Start importing Assets/Player2.prefab using Guid(31a722a234a67ec41b2abe3fd614c4b0) Importer(815301076,1909f56bfc062723c751e8b465ee728b)  -> (artifact id: '1e4399a349e38b9eb055b7a8c13b8d88') in 0.020567 seconds
  Import took 0.027605 seconds .

========================================================================
Received Prepare
Registering precompiled user dll's ...
Registered in 0.002034 seconds.
Begin MonoManager ReloadAssembly
Native extension for WindowsStandalone target not found
Refreshing native plugins compatible for Editor in 0.48 ms, found 1 plugins.
Preloading 0 native plugins for Editor in 0.00 ms.
Mono: successfully reloaded assembly
- Completed reload, in  1.519 seconds
Platform modules already initialized, skipping
Refreshing native plugins compatible for Editor in 0.67 ms, found 1 plugins.
Preloading 0 native plugins for Editor in 0.00 ms.
Unloading 1810 Unused Serialized files (Serialized files now loaded: 0)
System memory in use before: 89.9 MB.
System memory in use after: 89.8 MB.

Unloading 12 unused Assets to reduce memory usage. Loaded Objects now: 2283.
Total: 5.258000 ms (FindLiveObjects: 0.866100 ms CreateObjectMapping: 0.401600 ms MarkObjects: 3.774800 ms  DeleteObjects: 0.213300 ms)

========================================================================
Received Prepare
Registering precompiled user dll's ...
Registered in 0.002202 seconds.
Begin MonoManager ReloadAssembly
Native extension for WindowsStandalone target not found
Refreshing native plugins compatible for Editor in 0.70 ms, found 1 plugins.
Preloading 0 native plugins for Editor in 0.00 ms.
Mono: successfully reloaded assembly
- Completed reload, in  1.473 seconds
Platform modules already initialized, skipping
Refreshing native plugins compatible for Editor in 0.44 ms, found 1 plugins.
Preloading 0 native plugins for Editor in 0.00 ms.
Unloading 1810 Unused Serialized files (Serialized files now loaded: 0)
System memory in use before: 89.9 MB.
System memory in use after: 89.9 MB.

Unloading 12 unused Assets to reduce memory usage. Loaded Objects now: 2287.
Total: 3.114900 ms (FindLiveObjects: 0.249900 ms CreateObjectMapping: 0.143900 ms MarkObjects: 2.568700 ms  DeleteObjects: 0.150300 ms)

========================================================================
Received Prepare
Registering precompiled user dll's ...
Registered in 0.001880 seconds.
Begin MonoManager ReloadAssembly
Native extension for WindowsStandalone target not found
Refreshing native plugins compatible for Editor in 0.47 ms, found 1 plugins.
Preloading 0 native plugins for Editor in 0.00 ms.
Mono: successfully reloaded assembly
- Completed reload, in  1.554 seconds
Platform modules already initialized, skipping
Refreshing native plugins compatible for Editor in 0.86 ms, found 1 plugins.
Preloading 0 native plugins for Editor in 0.00 ms.
Unloading 1810 Unused Serialized files (Serialized files now loaded: 0)
System memory in use before: 89.9 MB.
System memory in use after: 89.9 MB.

Unloading 12 unused Assets to reduce memory usage. Loaded Objects now: 2291.
Total: 2.538600 ms (FindLiveObjects: 0.211300 ms CreateObjectMapping: 0.076000 ms MarkObjects: 2.098000 ms  DeleteObjects: 0.151400 ms)

========================================================================
Received Prepare
Registering precompiled user dll's ...
Registered in 0.001651 seconds.
Begin MonoManager ReloadAssembly
Native extension for WindowsStandalone target not found
Refreshing native plugins compatible for Editor in 0.49 ms, found 1 plugins.
Preloading 0 native plugins for Editor in 0.00 ms.
Mono: successfully reloaded assembly
- Completed reload, in  1.929 seconds
Platform modules already initialized, skipping
Refreshing native plugins compatible for Editor in 0.65 ms, found 1 plugins.
Preloading 0 native plugins for Editor in 0.00 ms.
Unloading 1810 Unused Serialized files (Serialized files now loaded: 0)
System memory in use before: 89.9 MB.
System memory in use after: 89.9 MB.

Unloading 12 unused Assets to reduce memory usage. Loaded Objects now: 2295.
Total: 5.728500 ms (FindLiveObjects: 1.133000 ms CreateObjectMapping: 0.429200 ms MarkObjects: 3.907900 ms  DeleteObjects: 0.255600 ms)

========================================================================
Received Prepare
Registering precompiled user dll's ...
Registered in 0.001318 seconds.
Begin MonoManager ReloadAssembly
Native extension for WindowsStandalone target not found
Refreshing native plugins compatible for Editor in 0.43 ms, found 1 plugins.
Preloading 0 native plugins for Editor in 0.00 ms.
Mono: successfully reloaded assembly
- Completed reload, in  1.462 seconds
Platform modules already initialized, skipping
Refreshing native plugins compatible for Editor in 0.68 ms, found 1 plugins.
Preloading 0 native plugins for Editor in 0.00 ms.
Unloading 1810 Unused Serialized files (Serialized files now loaded: 0)
System memory in use before: 90.0 MB.
System memory in use after: 89.9 MB.

Unloading 12 unused Assets to reduce memory usage. Loaded Objects now: 2299.
Total: 3.650100 ms (FindLiveObjects: 0.354400 ms CreateObjectMapping: 0.093300 ms MarkObjects: 3.040500 ms  DeleteObjects: 0.159800 ms)

========================================================================
Received Prepare
Registering precompiled user dll's ...
Registered in 0.002384 seconds.
Begin MonoManager ReloadAssembly
Native extension for WindowsStandalone target not found
Refreshing native plugins compatible for Editor in 0.43 ms, found 1 plugins.
Preloading 0 native plugins for Editor in 0.00 ms.
Mono: successfully reloaded assembly
- Completed reload, in  2.258 seconds
Platform modules already initialized, skipping
Refreshing native plugins compatible for Editor in 0.50 ms, found 1 plugins.
Preloading 0 native plugins for Editor in 0.00 ms.
Unloading 1810 Unused Serialized files (Serialized files now loaded: 0)
System memory in use before: 90.0 MB.
System memory in use after: 89.9 MB.

Unloading 12 unused Assets to reduce memory usage. Loaded Objects now: 2303.
Total: 2.335600 ms (FindLiveObjects: 0.208400 ms CreateObjectMapping: 0.074800 ms MarkObjects: 1.906600 ms  DeleteObjects: 0.144500 ms)

========================================================================
Received Prepare
Registering precompiled user dll's ...
Registered in 0.001839 seconds.
Begin MonoManager ReloadAssembly
Native extension for WindowsStandalone target not found
Refreshing native plugins compatible for Editor in 1.14 ms, found 1 plugins.
Preloading 0 native plugins for Editor in 0.00 ms.
Mono: successfully reloaded assembly
- Completed reload, in  1.599 seconds
Platform modules already initialized, skipping
Refreshing native plugins compatible for Editor in 0.45 ms, found 1 plugins.
Preloading 0 native plugins for Editor in 0.00 ms.
Unloading 1810 Unused Serialized files (Serialized files now loaded: 0)
System memory in use before: 90.0 MB.
System memory in use after: 89.9 MB.

Unloading 12 unused Assets to reduce memory usage. Loaded Objects now: 2307.
Total: 4.302400 ms (FindLiveObjects: 0.611700 ms CreateObjectMapping: 0.171500 ms MarkObjects: 3.298700 ms  DeleteObjects: 0.218200 ms)

========================================================================
Received Prepare
Registering precompiled user dll's ...
Registered in 0.001256 seconds.
Begin MonoManager ReloadAssembly
Native extension for WindowsStandalone target not found
Refreshing native plugins compatible for Editor in 0.58 ms, found 1 plugins.
Preloading 0 native plugins for Editor in 0.00 ms.
Mono: successfully reloaded assembly
- Completed reload, in  1.422 seconds
Platform modules already initialized, skipping
Refreshing native plugins compatible for Editor in 0.89 ms, found 1 plugins.
Preloading 0 native plugins for Editor in 0.00 ms.
Unloading 1810 Unused Serialized files (Serialized files now loaded: 0)
System memory in use before: 90.0 MB.
System memory in use after: 90.0 MB.

Unloading 12 unused Assets to reduce memory usage. Loaded Objects now: 2311.
Total: 2.449500 ms (FindLiveObjects: 0.299300 ms CreateObjectMapping: 0.099700 ms MarkObjects: 1.894900 ms  DeleteObjects: 0.153800 ms)

========================================================================
Received Prepare
Registering precompiled user dll's ...
Registered in 0.001912 seconds.
Begin MonoManager ReloadAssembly
Native extension for WindowsStandalone target not found
Refreshing native plugins compatible for Editor in 0.71 ms, found 1 plugins.
Preloading 0 native plugins for Editor in 0.00 ms.
Mono: successfully reloaded assembly
- Completed reload, in  1.477 seconds
Platform modules already initialized, skipping
Refreshing native plugins compatible for Editor in 0.75 ms, found 1 plugins.
Preloading 0 native plugins for Editor in 0.00 ms.
Unloading 1810 Unused Serialized files (Serialized files now loaded: 0)
System memory in use before: 90.0 MB.
System memory in use after: 90.0 MB.

Unloading 12 unused Assets to reduce memory usage. Loaded Objects now: 2315.
Total: 3.206000 ms (FindLiveObjects: 0.237100 ms CreateObjectMapping: 0.078900 ms MarkObjects: 2.663300 ms  DeleteObjects: 0.222600 ms)

========================================================================
Received Prepare
Registering precompiled user dll's ...
Registered in 0.001328 seconds.
Begin MonoManager ReloadAssembly
Native extension for WindowsStandalone target not found
Refreshing native plugins compatible for Editor in 0.46 ms, found 1 plugins.
Preloading 0 native plugins for Editor in 0.00 ms.
Mono: successfully reloaded assembly
- Completed reload, in  1.639 seconds
Platform modules already initialized, skipping
Refreshing native plugins compatible for Editor in 0.87 ms, found 1 plugins.
Preloading 0 native plugins for Editor in 0.00 ms.
Unloading 1810 Unused Serialized files (Serialized files now loaded: 0)
System memory in use before: 90.0 MB.
System memory in use after: 90.0 MB.

Unloading 12 unused Assets to reduce memory usage. Loaded Objects now: 2319.
Total: 3.917700 ms (FindLiveObjects: 0.496600 ms CreateObjectMapping: 0.207900 ms MarkObjects: 3.009000 ms  DeleteObjects: 0.201500 ms)

AssetImportWorkerClient::OnTransportError - code=2 error=End of file
