Using pre-set license
Built from '2020.3/staging' branch; Version is '2020.3.6f1 (338bb68529b2) revision 3378102'; Using compiler version '192528614'; Build Type 'Release'
OS: 'Windows 10 Home; OS build 19044.1645; Version 2009; 64bit' Language: 'en' Physical Memory: 16269 MB
BatchMode: 1, IsHumanControllingUs: 0, StartBugReporterOnCrash: 0, Is64bit: 1, IsPro: 0

 COMMAND LINE ARGUMENTS:
C:\Program Files\Unity\Hub\Editor\2020.3.6f1\Editor\Unity.exe
-adb2
-batchMode
-noUpm
-name
AssetImportWorker0
-projectPath
C:/Users/CalvinPc/OneDrive - Vega School/Vega 2020/Year 3/Semester 1/GADE/GADEPOE
-logFile
Logs/AssetImportWorker0.log
-srvPort
61061
Successfully changed project path to: C:/Users/CalvinPc/OneDrive - Vega School/Vega 2020/Year 3/Semester 1/GADE/GADEPOE
C:/Users/CalvinPc/OneDrive - Vega School/Vega 2020/Year 3/Semester 1/GADE/GADEPOE
Using Asset Import Pipeline V2.
Refreshing native plugins compatible for Editor in 86.17 ms, found 1 plugins.
Preloading 0 native plugins for Editor in 0.00 ms.
Initialize engine version: 2020.3.6f1 (338bb68529b2)
[Subsystems] Discovering subsystems at path C:/Program Files/Unity/Hub/Editor/2020.3.6f1/Editor/Data/Resources/UnitySubsystems
[Subsystems] Discovering subsystems at path C:/Users/CalvinPc/OneDrive - Vega School/Vega 2020/Year 3/Semester 1/GADE/GADEPOE/Assets
GfxDevice: creating device client; threaded=0
Direct3D:
    Version:  Direct3D 11.0 [level 11.0]
    Renderer: NVIDIA GeForce GTX 770 (ID=0x1184)
    Vendor:   
    VRAM:     2007 MB
    Driver:   30.0.14.7298
Initialize mono
Mono path[0] = 'C:/Program Files/Unity/Hub/Editor/2020.3.6f1/Editor/Data/Managed'
Mono path[1] = 'C:/Program Files/Unity/Hub/Editor/2020.3.6f1/Editor/Data/MonoBleedingEdge/lib/mono/unityjit'
Mono config path = 'C:/Program Files/Unity/Hub/Editor/2020.3.6f1/Editor/Data/MonoBleedingEdge/etc'
Using monoOptions --debugger-agent=transport=dt_socket,embedding=1,server=y,suspend=n,address=127.0.0.1:56644
Begin MonoManager ReloadAssembly
Registering precompiled unity dll's ...
Register platform support module: C:/Program Files/Unity/Hub/Editor/2020.3.6f1/Editor/Data/PlaybackEngines/WindowsStandaloneSupport/UnityEditor.WindowsStandalone.Extensions.dll
Registered in 0.008749 seconds.
Native extension for WindowsStandalone target not found
Refreshing native plugins compatible for Editor in 85.38 ms, found 1 plugins.
Preloading 0 native plugins for Editor in 0.00 ms.
Mono: successfully reloaded assembly
- Completed reload, in 10.211 seconds
Platform modules already initialized, skipping
Registering precompiled user dll's ...
Registered in 0.002096 seconds.
Begin MonoManager ReloadAssembly
Native extension for WindowsStandalone target not found
Refreshing native plugins compatible for Editor in 83.84 ms, found 1 plugins.
Preloading 0 native plugins for Editor in 0.00 ms.
Mono: successfully reloaded assembly
- Completed reload, in  2.886 seconds
Platform modules already initialized, skipping
========================================================================
Worker process is ready to serve import requests
Launched and connected shader compiler UnityShaderCompiler.exe after 0.12 seconds
Refreshing native plugins compatible for Editor in 0.69 ms, found 1 plugins.
Preloading 0 native plugins for Editor in 0.00 ms.
Unloading 1812 Unused Serialized files (Serialized files now loaded: 0)
System memory in use before: 85.9 MB.
System memory in use after: 85.9 MB.

Unloading 24 unused Assets to reduce memory usage. Loaded Objects now: 2256.
Total: 142.970400 ms (FindLiveObjects: 1.507300 ms CreateObjectMapping: 0.167400 ms MarkObjects: 141.073100 ms  DeleteObjects: 0.220300 ms)

========================================================================
Received Import Request.
  path: Assets/PlayerManger.cs
  artifactKey: Guid(939cadd1eb9cedb40b18ea153603e932) Importer(815301076,1909f56bfc062723c751e8b465ee728b)
Start importing Assets/PlayerManger.cs using Guid(939cadd1eb9cedb40b18ea153603e932) Importer(815301076,1909f56bfc062723c751e8b465ee728b)  -> (artifact id: '6145a29b673177d2df834c0faaf2311a') in 0.085743 seconds
  Import took 0.097949 seconds .

========================================================================
Received Import Request.
  Time since last request: 0.006967 seconds.
  path: Assets/PlayerMovement.cs
  artifactKey: Guid(3528f5046ec12524489fdf9d76645dd7) Importer(815301076,1909f56bfc062723c751e8b465ee728b)
Start importing Assets/PlayerMovement.cs using Guid(3528f5046ec12524489fdf9d76645dd7) Importer(815301076,1909f56bfc062723c751e8b465ee728b)  -> (artifact id: 'fb89d0e1f511a0607c255cae6c569091') in 0.045247 seconds
  Import took 0.065743 seconds .

========================================================================
Received Import Request.
  Time since last request: 0.001677 seconds.
  path: Assets/SetupGame.cs
  artifactKey: Guid(6fb764a942c14ea46a91305b2eed78c7) Importer(815301076,1909f56bfc062723c751e8b465ee728b)
Start importing Assets/SetupGame.cs using Guid(6fb764a942c14ea46a91305b2eed78c7) Importer(815301076,1909f56bfc062723c751e8b465ee728b)  -> (artifact id: '864eb656cdbb0fa382338f2b5f288991') in 0.042889 seconds
  Import took 0.058664 seconds .

========================================================================
Received Prepare
Registering precompiled user dll's ...
Registered in 0.001851 seconds.
Begin MonoManager ReloadAssembly
Native extension for WindowsStandalone target not found
Refreshing native plugins compatible for Editor in 0.72 ms, found 1 plugins.
Preloading 0 native plugins for Editor in 0.00 ms.
Mono: successfully reloaded assembly
- Completed reload, in  1.745 seconds
Platform modules already initialized, skipping
Refreshing native plugins compatible for Editor in 0.64 ms, found 1 plugins.
Preloading 0 native plugins for Editor in 0.00 ms.
Unloading 1807 Unused Serialized files (Serialized files now loaded: 0)
System memory in use before: 85.9 MB.
System memory in use after: 85.8 MB.

Unloading 12 unused Assets to reduce memory usage. Loaded Objects now: 2260.
Total: 4.037900 ms (FindLiveObjects: 0.321400 ms CreateObjectMapping: 0.080900 ms MarkObjects: 3.429500 ms  DeleteObjects: 0.203700 ms)

========================================================================
Received Prepare
Registering precompiled user dll's ...
Registered in 0.001610 seconds.
Begin MonoManager ReloadAssembly
Native extension for WindowsStandalone target not found
Refreshing native plugins compatible for Editor in 1.01 ms, found 1 plugins.
Preloading 0 native plugins for Editor in 0.00 ms.
Mono: successfully reloaded assembly
- Completed reload, in  1.930 seconds
Platform modules already initialized, skipping
Refreshing native plugins compatible for Editor in 0.64 ms, found 1 plugins.
Preloading 0 native plugins for Editor in 0.00 ms.
Unloading 1807 Unused Serialized files (Serialized files now loaded: 0)
System memory in use before: 85.9 MB.
System memory in use after: 85.9 MB.

Unloading 12 unused Assets to reduce memory usage. Loaded Objects now: 2264.
Total: 3.705300 ms (FindLiveObjects: 0.343900 ms CreateObjectMapping: 0.088000 ms MarkObjects: 3.051800 ms  DeleteObjects: 0.219200 ms)

========================================================================
Received Prepare
Registering precompiled user dll's ...
Registered in 0.002126 seconds.
Begin MonoManager ReloadAssembly
Native extension for WindowsStandalone target not found
Refreshing native plugins compatible for Editor in 0.64 ms, found 1 plugins.
Preloading 0 native plugins for Editor in 0.00 ms.
Mono: successfully reloaded assembly
- Completed reload, in  1.790 seconds
Platform modules already initialized, skipping
Refreshing native plugins compatible for Editor in 0.62 ms, found 1 plugins.
Preloading 0 native plugins for Editor in 0.00 ms.
Unloading 1807 Unused Serialized files (Serialized files now loaded: 0)
System memory in use before: 85.9 MB.
System memory in use after: 85.9 MB.

Unloading 12 unused Assets to reduce memory usage. Loaded Objects now: 2268.
Total: 3.156000 ms (FindLiveObjects: 0.366600 ms CreateObjectMapping: 0.090100 ms MarkObjects: 2.556200 ms  DeleteObjects: 0.140800 ms)

========================================================================
Received Prepare
Registering precompiled user dll's ...
Registered in 0.001957 seconds.
Begin MonoManager ReloadAssembly
Native extension for WindowsStandalone target not found
Refreshing native plugins compatible for Editor in 0.66 ms, found 1 plugins.
Preloading 0 native plugins for Editor in 0.00 ms.
Mono: successfully reloaded assembly
- Completed reload, in  1.874 seconds
Platform modules already initialized, skipping
Refreshing native plugins compatible for Editor in 0.64 ms, found 1 plugins.
Preloading 0 native plugins for Editor in 0.00 ms.
Unloading 1807 Unused Serialized files (Serialized files now loaded: 0)
System memory in use before: 85.9 MB.
System memory in use after: 85.9 MB.

Unloading 12 unused Assets to reduce memory usage. Loaded Objects now: 2272.
Total: 2.302600 ms (FindLiveObjects: 0.197600 ms CreateObjectMapping: 0.073800 ms MarkObjects: 1.887700 ms  DeleteObjects: 0.141700 ms)

========================================================================
Received Import Request.
  Time since last request: 1452.230212 seconds.
  path: Assets/Tile.cs
  artifactKey: Guid(1c1b0280c071c6345aaa472690a3b648) Importer(815301076,1909f56bfc062723c751e8b465ee728b)
Start importing Assets/Tile.cs using Guid(1c1b0280c071c6345aaa472690a3b648) Importer(815301076,1909f56bfc062723c751e8b465ee728b)  -> (artifact id: 'dfeb1d6d0cdbc3800939cbf0c7d5f128') in 0.020658 seconds
  Import took 0.032670 seconds .

========================================================================
Received Import Request.
  Time since last request: 0.156682 seconds.
  path: Assets/Tile.cs
  artifactKey: Guid(1c1b0280c071c6345aaa472690a3b648) Importer(815301076,1909f56bfc062723c751e8b465ee728b)
Start importing Assets/Tile.cs using Guid(1c1b0280c071c6345aaa472690a3b648) Importer(815301076,1909f56bfc062723c751e8b465ee728b)  -> (artifact id: 'dfeb1d6d0cdbc3800939cbf0c7d5f128') in 0.014059 seconds
  Import took 0.026628 seconds .

========================================================================
Received Import Request.
  Time since last request: 10.698872 seconds.
  path: Assets/EnemyPoint.prefab
  artifactKey: Guid(f3396948f69682f42b3b143776108c74) Importer(815301076,1909f56bfc062723c751e8b465ee728b)
Start importing Assets/EnemyPoint.prefab using Guid(f3396948f69682f42b3b143776108c74) Importer(815301076,1909f56bfc062723c751e8b465ee728b)  -> (artifact id: '5f9f340268dbc12ebce20888f0ec249b') in 0.201017 seconds
  Import took 0.213658 seconds .

========================================================================
Received Import Request.
  Time since last request: 0.000289 seconds.
  path: Assets/EnemyPointStrong.prefab
  artifactKey: Guid(f1e906d8983511d46bb7d79af9d2e23a) Importer(815301076,1909f56bfc062723c751e8b465ee728b)
Start importing Assets/EnemyPointStrong.prefab using Guid(f1e906d8983511d46bb7d79af9d2e23a) Importer(815301076,1909f56bfc062723c751e8b465ee728b)  -> (artifact id: '54b296b8e0d208c79bb2eb45d486e544') in 0.031617 seconds
  Import took 0.052136 seconds .

========================================================================
Received Import Request.
  Time since last request: 0.000458 seconds.
  path: Assets/Player1.prefab
  artifactKey: Guid(1c32412c836adea479820b1150b9d211) Importer(815301076,1909f56bfc062723c751e8b465ee728b)
Start importing Assets/Player1.prefab using Guid(1c32412c836adea479820b1150b9d211) Importer(815301076,1909f56bfc062723c751e8b465ee728b)  -> (artifact id: 'c17b2728e7510df31bfe782ed683b21e') in 0.071791 seconds
  Import took 0.088054 seconds .

========================================================================
Received Import Request.
  Time since last request: 0.000541 seconds.
  path: Assets/Tile.prefab
  artifactKey: Guid(050d5ee557b0e4e43b76b1db88c42a39) Importer(815301076,1909f56bfc062723c751e8b465ee728b)
Start importing Assets/Tile.prefab using Guid(050d5ee557b0e4e43b76b1db88c42a39) Importer(815301076,1909f56bfc062723c751e8b465ee728b)  -> (artifact id: '9a4a0b523db9f1262bab0427f7b5a281') in 0.043695 seconds
  Import took 0.060229 seconds .

========================================================================
Received Import Request.
  Time since last request: 0.000449 seconds.
  path: Assets/MyPoint.prefab
  artifactKey: Guid(4439f0bbed01ff84193a3e2eb5f2d87b) Importer(815301076,1909f56bfc062723c751e8b465ee728b)
Start importing Assets/MyPoint.prefab using Guid(4439f0bbed01ff84193a3e2eb5f2d87b) Importer(815301076,1909f56bfc062723c751e8b465ee728b)  -> (artifact id: '45595fce5a1690574ba51a177bea8763') in 0.033977 seconds
  Import took 0.051958 seconds .

========================================================================
Received Import Request.
  Time since last request: 0.000309 seconds.
  path: Assets/Player2.prefab
  artifactKey: Guid(31a722a234a67ec41b2abe3fd614c4b0) Importer(815301076,1909f56bfc062723c751e8b465ee728b)
Start importing Assets/Player2.prefab using Guid(31a722a234a67ec41b2abe3fd614c4b0) Importer(815301076,1909f56bfc062723c751e8b465ee728b)  -> (artifact id: '74845d145ba24e48e5b76ff6925c9dbc') in 0.060181 seconds
  Import took 0.091052 seconds .

========================================================================
Received Import Request.
  Time since last request: 0.000389 seconds.
  path: Assets/MyPointStrong.prefab
  artifactKey: Guid(b2c3f11da0554bb4b96aa7c67efe6b61) Importer(815301076,1909f56bfc062723c751e8b465ee728b)
Start importing Assets/MyPointStrong.prefab using Guid(b2c3f11da0554bb4b96aa7c67efe6b61) Importer(815301076,1909f56bfc062723c751e8b465ee728b)  -> (artifact id: '61529b48a882966fcc28a85ff1dd5dad') in 0.037741 seconds
  Import took 0.074449 seconds .

========================================================================
Received Prepare
Registering precompiled user dll's ...
Registered in 0.001255 seconds.
Begin MonoManager ReloadAssembly
Native extension for WindowsStandalone target not found
Refreshing native plugins compatible for Editor in 0.49 ms, found 1 plugins.
Preloading 0 native plugins for Editor in 0.00 ms.
Mono: successfully reloaded assembly
- Completed reload, in  1.410 seconds
Platform modules already initialized, skipping
Refreshing native plugins compatible for Editor in 0.46 ms, found 1 plugins.
Preloading 0 native plugins for Editor in 0.00 ms.
Unloading 1807 Unused Serialized files (Serialized files now loaded: 0)
System memory in use before: 89.1 MB.
System memory in use after: 89.0 MB.

Unloading 12 unused Assets to reduce memory usage. Loaded Objects now: 2283.
Total: 2.226600 ms (FindLiveObjects: 0.258000 ms CreateObjectMapping: 0.072800 ms MarkObjects: 1.771500 ms  DeleteObjects: 0.123100 ms)

========================================================================
Received Import Request.
  Time since last request: 81.553015 seconds.
  path: Assets/Tile.prefab
  artifactKey: Guid(050d5ee557b0e4e43b76b1db88c42a39) Importer(815301076,1909f56bfc062723c751e8b465ee728b)
Start importing Assets/Tile.prefab using Guid(050d5ee557b0e4e43b76b1db88c42a39) Importer(815301076,1909f56bfc062723c751e8b465ee728b)  -> (artifact id: '89e58f8b519edc2bf2784079dd06d456') in 0.099515 seconds
  Import took 0.107624 seconds .

========================================================================
Received Import Request.
  Time since last request: 9.854491 seconds.
  path: Assets/PlayerMovement.cs
  artifactKey: Guid(3528f5046ec12524489fdf9d76645dd7) Importer(815301076,1909f56bfc062723c751e8b465ee728b)
Start importing Assets/PlayerMovement.cs using Guid(3528f5046ec12524489fdf9d76645dd7) Importer(815301076,1909f56bfc062723c751e8b465ee728b)  -> (artifact id: 'c1553193dc8e9a3b2e0c8156b63dfbec') in 0.003420 seconds
  Import took 0.012300 seconds .

========================================================================
Received Import Request.
  Time since last request: 0.003263 seconds.
  path: Assets/PlayerMovement.cs
  artifactKey: Guid(3528f5046ec12524489fdf9d76645dd7) Importer(815301076,1909f56bfc062723c751e8b465ee728b)
Start importing Assets/PlayerMovement.cs using Guid(3528f5046ec12524489fdf9d76645dd7) Importer(815301076,1909f56bfc062723c751e8b465ee728b)  -> (artifact id: 'c1553193dc8e9a3b2e0c8156b63dfbec') in 0.004466 seconds
  Import took 0.013267 seconds .

========================================================================
Received Prepare
Registering precompiled user dll's ...
Registered in 0.002578 seconds.
Begin MonoManager ReloadAssembly
Native extension for WindowsStandalone target not found
Refreshing native plugins compatible for Editor in 0.65 ms, found 1 plugins.
Preloading 0 native plugins for Editor in 0.00 ms.
Mono: successfully reloaded assembly
- Completed reload, in  1.827 seconds
Platform modules already initialized, skipping
Refreshing native plugins compatible for Editor in 0.44 ms, found 1 plugins.
Preloading 0 native plugins for Editor in 0.00 ms.
Unloading 1807 Unused Serialized files (Serialized files now loaded: 0)
System memory in use before: 89.1 MB.
System memory in use after: 89.1 MB.

Unloading 12 unused Assets to reduce memory usage. Loaded Objects now: 2288.
Total: 2.285800 ms (FindLiveObjects: 0.214200 ms CreateObjectMapping: 0.072300 ms MarkObjects: 1.861300 ms  DeleteObjects: 0.136000 ms)

========================================================================
Received Prepare
Registering precompiled user dll's ...
Registered in 0.001986 seconds.
Begin MonoManager ReloadAssembly
Native extension for WindowsStandalone target not found
Refreshing native plugins compatible for Editor in 0.63 ms, found 1 plugins.
Preloading 0 native plugins for Editor in 0.00 ms.
Mono: successfully reloaded assembly
- Completed reload, in  1.814 seconds
Platform modules already initialized, skipping
Refreshing native plugins compatible for Editor in 0.76 ms, found 1 plugins.
Preloading 0 native plugins for Editor in 0.00 ms.
Unloading 1807 Unused Serialized files (Serialized files now loaded: 0)
System memory in use before: 89.1 MB.
System memory in use after: 89.1 MB.

Unloading 12 unused Assets to reduce memory usage. Loaded Objects now: 2292.
Total: 2.198500 ms (FindLiveObjects: 0.198400 ms CreateObjectMapping: 0.115600 ms MarkObjects: 1.730600 ms  DeleteObjects: 0.152200 ms)

========================================================================
Received Prepare
Registering precompiled user dll's ...
Registered in 0.002024 seconds.
Begin MonoManager ReloadAssembly
Native extension for WindowsStandalone target not found
Refreshing native plugins compatible for Editor in 0.43 ms, found 1 plugins.
Preloading 0 native plugins for Editor in 0.00 ms.
Mono: successfully reloaded assembly
- Completed reload, in  1.580 seconds
Platform modules already initialized, skipping
Refreshing native plugins compatible for Editor in 2.74 ms, found 1 plugins.
Preloading 0 native plugins for Editor in 0.00 ms.
Unloading 1807 Unused Serialized files (Serialized files now loaded: 0)
System memory in use before: 89.2 MB.
System memory in use after: 89.1 MB.

Unloading 12 unused Assets to reduce memory usage. Loaded Objects now: 2296.
Total: 3.954900 ms (FindLiveObjects: 0.333000 ms CreateObjectMapping: 0.086900 ms MarkObjects: 3.346200 ms  DeleteObjects: 0.186400 ms)

========================================================================
Received Prepare
Registering precompiled user dll's ...
Registered in 0.002021 seconds.
Begin MonoManager ReloadAssembly
Native extension for WindowsStandalone target not found
Refreshing native plugins compatible for Editor in 1.18 ms, found 1 plugins.
Preloading 0 native plugins for Editor in 0.00 ms.
Mono: successfully reloaded assembly
- Completed reload, in  1.781 seconds
Platform modules already initialized, skipping
Refreshing native plugins compatible for Editor in 0.93 ms, found 1 plugins.
Preloading 0 native plugins for Editor in 0.00 ms.
Unloading 1807 Unused Serialized files (Serialized files now loaded: 0)
System memory in use before: 89.2 MB.
System memory in use after: 89.1 MB.

Unloading 12 unused Assets to reduce memory usage. Loaded Objects now: 2300.
Total: 2.837600 ms (FindLiveObjects: 0.311600 ms CreateObjectMapping: 0.078700 ms MarkObjects: 2.292400 ms  DeleteObjects: 0.153000 ms)

========================================================================
Received Prepare
Registering precompiled user dll's ...
Registered in 0.001718 seconds.
Begin MonoManager ReloadAssembly
Native extension for WindowsStandalone target not found
Refreshing native plugins compatible for Editor in 0.64 ms, found 1 plugins.
Preloading 0 native plugins for Editor in 0.00 ms.
Mono: successfully reloaded assembly
- Completed reload, in  1.991 seconds
Platform modules already initialized, skipping
Refreshing native plugins compatible for Editor in 1.14 ms, found 1 plugins.
Preloading 0 native plugins for Editor in 0.00 ms.
Unloading 1807 Unused Serialized files (Serialized files now loaded: 0)
System memory in use before: 89.2 MB.
System memory in use after: 89.1 MB.

Unloading 12 unused Assets to reduce memory usage. Loaded Objects now: 2304.
Total: 3.290900 ms (FindLiveObjects: 0.346400 ms CreateObjectMapping: 0.085800 ms MarkObjects: 2.721200 ms  DeleteObjects: 0.135100 ms)

========================================================================
Received Import Request.
  Time since last request: 254.612999 seconds.
  path: Assets/EnemyPoint.prefab
  artifactKey: Guid(f3396948f69682f42b3b143776108c74) Importer(815301076,1909f56bfc062723c751e8b465ee728b)
Start importing Assets/EnemyPoint.prefab using Guid(f3396948f69682f42b3b143776108c74) Importer(815301076,1909f56bfc062723c751e8b465ee728b)  -> (artifact id: '8218b92d3764c27958d4ea9013fd1bd0') in 0.126085 seconds
  Import took 0.137015 seconds .

========================================================================
Received Import Request.
  Time since last request: 0.000181 seconds.
  path: Assets/Tile.prefab
  artifactKey: Guid(050d5ee557b0e4e43b76b1db88c42a39) Importer(815301076,1909f56bfc062723c751e8b465ee728b)
Start importing Assets/Tile.prefab using Guid(050d5ee557b0e4e43b76b1db88c42a39) Importer(815301076,1909f56bfc062723c751e8b465ee728b)  -> (artifact id: 'af33bd888f5c1217c402fb0dddf29563') in 0.028506 seconds
  Import took 0.043447 seconds .

========================================================================
Received Prepare
Registering precompiled user dll's ...
Registered in 0.002160 seconds.
Begin MonoManager ReloadAssembly
Native extension for WindowsStandalone target not found
Refreshing native plugins compatible for Editor in 0.82 ms, found 1 plugins.
Preloading 0 native plugins for Editor in 0.00 ms.
Mono: successfully reloaded assembly
- Completed reload, in  1.683 seconds
Platform modules already initialized, skipping
Refreshing native plugins compatible for Editor in 0.48 ms, found 1 plugins.
Preloading 0 native plugins for Editor in 0.00 ms.
Unloading 1807 Unused Serialized files (Serialized files now loaded: 0)
System memory in use before: 89.2 MB.
System memory in use after: 89.1 MB.

Unloading 12 unused Assets to reduce memory usage. Loaded Objects now: 2309.
Total: 3.800000 ms (FindLiveObjects: 0.396800 ms CreateObjectMapping: 0.115600 ms MarkObjects: 3.110500 ms  DeleteObjects: 0.174800 ms)

========================================================================
Received Import Request.
  Time since last request: 56.382050 seconds.
  path: Assets/Player1.prefab
  artifactKey: Guid(1c32412c836adea479820b1150b9d211) Importer(815301076,1909f56bfc062723c751e8b465ee728b)
Start importing Assets/Player1.prefab using Guid(1c32412c836adea479820b1150b9d211) Importer(815301076,1909f56bfc062723c751e8b465ee728b)  -> (artifact id: '29f91fb6c980cfbb735f987a3693d629') in 0.126636 seconds
  Import took 0.142526 seconds .

========================================================================
Received Prepare
Registering precompiled user dll's ...
Registered in 0.001929 seconds.
Begin MonoManager ReloadAssembly
Native extension for WindowsStandalone target not found
Refreshing native plugins compatible for Editor in 0.67 ms, found 1 plugins.
Preloading 0 native plugins for Editor in 0.00 ms.
Mono: successfully reloaded assembly
- Completed reload, in  1.982 seconds
Platform modules already initialized, skipping
Refreshing native plugins compatible for Editor in 0.77 ms, found 1 plugins.
Preloading 0 native plugins for Editor in 0.00 ms.
Unloading 1807 Unused Serialized files (Serialized files now loaded: 0)
System memory in use before: 89.2 MB.
System memory in use after: 89.2 MB.

Unloading 12 unused Assets to reduce memory usage. Loaded Objects now: 2314.
Total: 8.525800 ms (FindLiveObjects: 0.288500 ms CreateObjectMapping: 0.083300 ms MarkObjects: 4.165000 ms  DeleteObjects: 3.662000 ms)

========================================================================
Received Import Request.
  Time since last request: 33.460495 seconds.
  path: Assets/Player2.prefab
  artifactKey: Guid(31a722a234a67ec41b2abe3fd614c4b0) Importer(815301076,1909f56bfc062723c751e8b465ee728b)
Start importing Assets/Player2.prefab using Guid(31a722a234a67ec41b2abe3fd614c4b0) Importer(815301076,1909f56bfc062723c751e8b465ee728b)  -> (artifact id: 'ff1b2790bf60db750823116c9cfd869d') in 0.148654 seconds
  Import took 0.162305 seconds .

========================================================================
Received Import Request.
  Time since last request: 10.632858 seconds.
  path: Assets/Player1.prefab
  artifactKey: Guid(1c32412c836adea479820b1150b9d211) Importer(815301076,1909f56bfc062723c751e8b465ee728b)
Start importing Assets/Player1.prefab using Guid(1c32412c836adea479820b1150b9d211) Importer(815301076,1909f56bfc062723c751e8b465ee728b)  -> (artifact id: '59bc9f01fd2636e6ef1b1fef4bd7e911') in 0.021419 seconds
  Import took 0.030462 seconds .

========================================================================
Received Prepare
Registering precompiled user dll's ...
Registered in 0.002320 seconds.
Begin MonoManager ReloadAssembly
Native extension for WindowsStandalone target not found
Refreshing native plugins compatible for Editor in 0.75 ms, found 1 plugins.
Preloading 0 native plugins for Editor in 0.00 ms.
Mono: successfully reloaded assembly
- Completed reload, in  2.768 seconds
Platform modules already initialized, skipping
Refreshing native plugins compatible for Editor in 0.67 ms, found 1 plugins.
Preloading 0 native plugins for Editor in 0.00 ms.
Unloading 1807 Unused Serialized files (Serialized files now loaded: 0)
System memory in use before: 89.2 MB.
System memory in use after: 89.2 MB.

Unloading 12 unused Assets to reduce memory usage. Loaded Objects now: 2319.
Total: 4.639200 ms (FindLiveObjects: 0.545900 ms CreateObjectMapping: 0.215800 ms MarkObjects: 3.677700 ms  DeleteObjects: 0.196600 ms)

========================================================================
Received Import Request.
  Time since last request: 29.226380 seconds.
  path: Assets/EnemyPoint.prefab
  artifactKey: Guid(f3396948f69682f42b3b143776108c74) Importer(815301076,1909f56bfc062723c751e8b465ee728b)
Start importing Assets/EnemyPoint.prefab using Guid(f3396948f69682f42b3b143776108c74) Importer(815301076,1909f56bfc062723c751e8b465ee728b)  -> (artifact id: '30578ceb604e11e069865af8e02f580e') in 0.144916 seconds
  Import took 0.162293 seconds .

========================================================================
Received Import Request.
  Time since last request: 0.000270 seconds.
  path: Assets/Tile.prefab
  artifactKey: Guid(050d5ee557b0e4e43b76b1db88c42a39) Importer(815301076,1909f56bfc062723c751e8b465ee728b)
Start importing Assets/Tile.prefab using Guid(050d5ee557b0e4e43b76b1db88c42a39) Importer(815301076,1909f56bfc062723c751e8b465ee728b)  -> (artifact id: '66fe4ed262923b12f5c9ace67e4bcd03') in 0.039471 seconds
  Import took 0.051021 seconds .

========================================================================
Received Import Request.
  Time since last request: 0.781948 seconds.
  path: Assets/MyPoint.prefab
  artifactKey: Guid(4439f0bbed01ff84193a3e2eb5f2d87b) Importer(815301076,1909f56bfc062723c751e8b465ee728b)
Start importing Assets/MyPoint.prefab using Guid(4439f0bbed01ff84193a3e2eb5f2d87b) Importer(815301076,1909f56bfc062723c751e8b465ee728b)  -> (artifact id: '0f8cfec78d93360d164e24f7edcee10e') in 0.045790 seconds
  Import took 0.060816 seconds .

========================================================================
Received Import Request.
  Time since last request: 0.005295 seconds.
  path: Assets/MyPoint.prefab
  artifactKey: Guid(4439f0bbed01ff84193a3e2eb5f2d87b) Importer(815301076,1909f56bfc062723c751e8b465ee728b)
Start importing Assets/MyPoint.prefab using Guid(4439f0bbed01ff84193a3e2eb5f2d87b) Importer(815301076,1909f56bfc062723c751e8b465ee728b)  -> (artifact id: '0f8cfec78d93360d164e24f7edcee10e') in 0.029136 seconds
  Import took 0.042161 seconds .

========================================================================
Received Import Request.
  Time since last request: 0.000352 seconds.
  path: Assets/Tile.prefab
  artifactKey: Guid(050d5ee557b0e4e43b76b1db88c42a39) Importer(815301076,1909f56bfc062723c751e8b465ee728b)
Start importing Assets/Tile.prefab using Guid(050d5ee557b0e4e43b76b1db88c42a39) Importer(815301076,1909f56bfc062723c751e8b465ee728b)  -> (artifact id: '138b7102b6422e43561aaef05ede1dbc') in 0.059551 seconds
  Import took 0.070907 seconds .

========================================================================
Received Import Request.
  Time since last request: 1.811944 seconds.
  path: Assets/MyPoint.prefab
  artifactKey: Guid(4439f0bbed01ff84193a3e2eb5f2d87b) Importer(815301076,1909f56bfc062723c751e8b465ee728b)
Start importing Assets/MyPoint.prefab using Guid(4439f0bbed01ff84193a3e2eb5f2d87b) Importer(815301076,1909f56bfc062723c751e8b465ee728b)  -> (artifact id: 'c8cb7d7b42d661808ef1a79856f9cdc5') in 0.039006 seconds
  Import took 0.054825 seconds .

========================================================================
Received Import Request.
  Time since last request: 0.000503 seconds.
  path: Assets/Tile.prefab
  artifactKey: Guid(050d5ee557b0e4e43b76b1db88c42a39) Importer(815301076,1909f56bfc062723c751e8b465ee728b)
Start importing Assets/Tile.prefab using Guid(050d5ee557b0e4e43b76b1db88c42a39) Importer(815301076,1909f56bfc062723c751e8b465ee728b)  -> (artifact id: 'd0f231e1522f04e6495cf888f5c28429') in 0.035655 seconds
  Import took 0.046440 seconds .

========================================================================
Received Import Request.
  Time since last request: 4.536402 seconds.
  path: Assets/MyPointStrong.prefab
  artifactKey: Guid(b2c3f11da0554bb4b96aa7c67efe6b61) Importer(815301076,1909f56bfc062723c751e8b465ee728b)
Start importing Assets/MyPointStrong.prefab using Guid(b2c3f11da0554bb4b96aa7c67efe6b61) Importer(815301076,1909f56bfc062723c751e8b465ee728b)  -> (artifact id: '85ff428e340b6e38ef578e17f0744c55') in 0.043114 seconds
  Import took 0.052567 seconds .

========================================================================
Received Import Request.
  Time since last request: 0.000463 seconds.
  path: Assets/Tile.prefab
  artifactKey: Guid(050d5ee557b0e4e43b76b1db88c42a39) Importer(815301076,1909f56bfc062723c751e8b465ee728b)
Start importing Assets/Tile.prefab using Guid(050d5ee557b0e4e43b76b1db88c42a39) Importer(815301076,1909f56bfc062723c751e8b465ee728b)  -> (artifact id: 'de767e93b86fa67b819f166079c2be4e') in 0.045315 seconds
  Import took 0.051631 seconds .

========================================================================
Received Import Request.
  Time since last request: 4.888645 seconds.
  path: Assets/EnemyPointStrong.prefab
  artifactKey: Guid(f1e906d8983511d46bb7d79af9d2e23a) Importer(815301076,1909f56bfc062723c751e8b465ee728b)
Start importing Assets/EnemyPointStrong.prefab using Guid(f1e906d8983511d46bb7d79af9d2e23a) Importer(815301076,1909f56bfc062723c751e8b465ee728b)  -> (artifact id: 'f1f788ab98507a03d719e37a3921ff6f') in 0.033157 seconds
  Import took 0.045834 seconds .

========================================================================
Received Import Request.
  Time since last request: 0.019215 seconds.
  path: Assets/EnemyPointStrong.prefab
  artifactKey: Guid(f1e906d8983511d46bb7d79af9d2e23a) Importer(815301076,1909f56bfc062723c751e8b465ee728b)
Start importing Assets/EnemyPointStrong.prefab using Guid(f1e906d8983511d46bb7d79af9d2e23a) Importer(815301076,1909f56bfc062723c751e8b465ee728b)  -> (artifact id: 'f1f788ab98507a03d719e37a3921ff6f') in 0.027483 seconds
  Import took 0.036862 seconds .

========================================================================
Received Import Request.
  Time since last request: 0.000326 seconds.
  path: Assets/Tile.prefab
  artifactKey: Guid(050d5ee557b0e4e43b76b1db88c42a39) Importer(815301076,1909f56bfc062723c751e8b465ee728b)
Start importing Assets/Tile.prefab using Guid(050d5ee557b0e4e43b76b1db88c42a39) Importer(815301076,1909f56bfc062723c751e8b465ee728b)  -> (artifact id: '7727a326f29573eb0ab2b5532c09e6d3') in 0.033064 seconds
  Import took 0.041592 seconds .

========================================================================
Received Import Request.
  Time since last request: 0.015210 seconds.
  path: Assets/Tile.prefab
  artifactKey: Guid(050d5ee557b0e4e43b76b1db88c42a39) Importer(815301076,1909f56bfc062723c751e8b465ee728b)
Start importing Assets/Tile.prefab using Guid(050d5ee557b0e4e43b76b1db88c42a39) Importer(815301076,1909f56bfc062723c751e8b465ee728b)  -> (artifact id: '7727a326f29573eb0ab2b5532c09e6d3') in 0.026740 seconds
  Import took 0.036192 seconds .

========================================================================
Received Import Request.
  Time since last request: 1.156323 seconds.
  path: Assets/EnemyPointStrong.prefab
  artifactKey: Guid(f1e906d8983511d46bb7d79af9d2e23a) Importer(815301076,1909f56bfc062723c751e8b465ee728b)
Start importing Assets/EnemyPointStrong.prefab using Guid(f1e906d8983511d46bb7d79af9d2e23a) Importer(815301076,1909f56bfc062723c751e8b465ee728b)  -> (artifact id: 'dd469a38031c11494279ad6323bf424d') in 0.049501 seconds
  Import took 0.059299 seconds .

========================================================================
Received Import Request.
  Time since last request: 0.000814 seconds.
  path: Assets/Tile.prefab
  artifactKey: Guid(050d5ee557b0e4e43b76b1db88c42a39) Importer(815301076,1909f56bfc062723c751e8b465ee728b)
Start importing Assets/Tile.prefab using Guid(050d5ee557b0e4e43b76b1db88c42a39) Importer(815301076,1909f56bfc062723c751e8b465ee728b)  -> (artifact id: '34658d74401de32f642fb37b90b42a01') in 0.029218 seconds
  Import took 0.074992 seconds .

========================================================================
Received Prepare
Registering precompiled user dll's ...
Registered in 0.001876 seconds.
Begin MonoManager ReloadAssembly
Native extension for WindowsStandalone target not found
Refreshing native plugins compatible for Editor in 0.92 ms, found 1 plugins.
Preloading 0 native plugins for Editor in 0.00 ms.
Mono: successfully reloaded assembly
- Completed reload, in  2.537 seconds
Platform modules already initialized, skipping
Refreshing native plugins compatible for Editor in 0.70 ms, found 1 plugins.
Preloading 0 native plugins for Editor in 0.00 ms.
Unloading 1807 Unused Serialized files (Serialized files now loaded: 0)
System memory in use before: 89.2 MB.
System memory in use after: 89.2 MB.

Unloading 12 unused Assets to reduce memory usage. Loaded Objects now: 2324.
Total: 4.373700 ms (FindLiveObjects: 0.417600 ms CreateObjectMapping: 0.101500 ms MarkObjects: 3.657900 ms  DeleteObjects: 0.194300 ms)

========================================================================
Received Prepare
Registering precompiled user dll's ...
Registered in 0.001404 seconds.
Begin MonoManager ReloadAssembly
Native extension for WindowsStandalone target not found
Refreshing native plugins compatible for Editor in 0.91 ms, found 1 plugins.
Preloading 0 native plugins for Editor in 0.00 ms.
Mono: successfully reloaded assembly
- Completed reload, in  2.318 seconds
Platform modules already initialized, skipping
Refreshing native plugins compatible for Editor in 0.74 ms, found 1 plugins.
Preloading 0 native plugins for Editor in 0.00 ms.
Unloading 1807 Unused Serialized files (Serialized files now loaded: 0)
System memory in use before: 89.3 MB.
System memory in use after: 89.2 MB.

Unloading 12 unused Assets to reduce memory usage. Loaded Objects now: 2328.
Total: 4.202100 ms (FindLiveObjects: 0.929500 ms CreateObjectMapping: 0.115300 ms MarkObjects: 2.954700 ms  DeleteObjects: 0.200000 ms)

========================================================================
Received Prepare
Registering precompiled user dll's ...
Registered in 0.002849 seconds.
Begin MonoManager ReloadAssembly
Native extension for WindowsStandalone target not found
Refreshing native plugins compatible for Editor in 0.51 ms, found 1 plugins.
Preloading 0 native plugins for Editor in 0.00 ms.
Mono: successfully reloaded assembly
- Completed reload, in  1.898 seconds
Platform modules already initialized, skipping
Refreshing native plugins compatible for Editor in 0.70 ms, found 1 plugins.
Preloading 0 native plugins for Editor in 0.00 ms.
Unloading 1807 Unused Serialized files (Serialized files now loaded: 0)
System memory in use before: 89.3 MB.
System memory in use after: 89.2 MB.

Unloading 12 unused Assets to reduce memory usage. Loaded Objects now: 2332.
Total: 4.043800 ms (FindLiveObjects: 1.753400 ms CreateObjectMapping: 0.138300 ms MarkObjects: 2.000400 ms  DeleteObjects: 0.150000 ms)

AssetImportWorkerClient::OnTransportError - code=2 error=End of file
